<?xml version="1.0" encoding="UTF-8"?>
<testng-results ignored="0" total="1" passed="1" failed="0" skipped="0">
  <reporter-output>
  </reporter-output>
  <suite started-at="2026-03-17T13:34:40 IST" name="Default suite" finished-at="2026-03-17T13:34:40 IST" duration-ms="57">
    <groups>
    </groups>
    <test started-at="2026-03-17T13:34:40 IST" name="Default test" finished-at="2026-03-17T13:34:40 IST" duration-ms="57">
      <class name="Demo.Practice">
        <test-method signature="readData()[pri:0, instance:Demo.Practice@5bf0d49]" started-at="2026-03-17T13:34:40 IST" name="readData" finished-at="2026-03-17T13:34:40 IST" duration-ms="14" status="PASS">
          <reporter-output>
          </reporter-output>
        </test-method> <!-- readData -->
      </class> <!-- Demo.Practice -->
    </test> <!-- Default test -->
  </suite> <!-- Default suite -->
</testng-results>
