<?xml version="1.0" encoding="UTF-8"?>
<!-- Generated by org.testng.reporters.JUnitReportReporter -->
<testsuite hostname="TheVision" failures="0" tests="3" name="practice.addToCart" time="0.561" errors="0" timestamp="2026-03-13T08:17:16 IST" skipped="0">
  <testcase classname="practice.addToCart" name="logout" time="0.053">
    <system-out>
      <![CDATA[logout verified]]>
    </system-out>
  </testcase> <!-- logout -->
  <testcase classname="practice.addToCart" name="logIn" time="0.105">
    <system-out>
      <![CDATA[Login Successful]]>
    </system-out>
  </testcase> <!-- logIn -->
  <testcase classname="practice.addToCart" name="AddToCart" time="0.403">
    <system-out>
      <![CDATA[products verified]]>
    </system-out>
  </testcase> <!-- AddToCart -->
  <system-out>
    <![CDATA[---Executing Suite--
---Executing Test--
---Executing before class--
---Executing before method--
Login Successful
---Executing after method--
---Executing before method--
products verified
---Executing after method--
---Executing before method--
logout verified
---Executing after method--
---Executing After class --
---Executing After test--
---Executing After suite--]]>
  </system-out>
</testsuite> <!-- practice.addToCart -->
