<?xml version="1.0" encoding="UTF-8"?>
<!-- Generated by org.testng.reporters.JUnitReportReporter -->
<testsuite hostname="TheVision" failures="0" tests="2" name="practice.TestPractice" time="0.014" errors="0" timestamp="2026-03-13T08:17:16 IST" skipped="0">
  <testcase classname="practice.TestPractice" name="loginTest" time="0.013"/>
  <testcase classname="practice.TestPractice" name="logoutTest" time="0.001"/>
  <system-out>
    <![CDATA[---Executing Suite--
---Executing Test--
---Executing before class--
---Executing before method--
Login Successful
---Executing after method--
---Executing before method--
products verified
---Executing after method--
---Executing before method--
logout verified
---Executing after method--
---Executing After class --
---Executing After test--
---Executing After suite--]]>
  </system-out>
</testsuite> <!-- practice.TestPractice -->
