<?xml version="1.0" encoding="UTF-8"?>
<!-- Generated by org.testng.reporters.JUnitReportReporter -->
<testsuite hostname="TheVision" failures="0" tests="1" name="practice.CrossBrowserBaseClass" time="0.739" errors="0" timestamp="2026-03-13T11:00:51 IST" skipped="0">
  <testcase classname="practice.CrossBrowserBaseClass" name="beforemethod" time="0.739"/>
  <system-out>
    <![CDATA[---Executing Suite--
---Executing Test--
---Executing before class--
---Executing after method--
---Executing After class --
---Executing After test--
---Executing After suite--]]>
  </system-out>
</testsuite> <!-- practice.CrossBrowserBaseClass -->
