<?xml version="1.0" encoding="UTF-8"?>
<!-- Generated by org.testng.reporters.JUnitXMLReporter -->
<testsuite ignored="0" hostname="TheVision" failures="1" tests="6" name="Test" time="9.715" errors="0" timestamp="2026-03-13T08:17:15 IST">
  <testcase classname="practice.TestPractice" name="loginTest" time="0.013"/>
  <testcase classname="practice.TestPractice" name="logoutTest" time="0.001"/>
  <testcase classname="practice.addToCart" name="logIn" time="0.103"/>
  <testcase classname="practice.addToCart" name="AddToCart" time="0.401"/>
  <testcase classname="practice.addToCart" name="logout" time="0.05"/>
  <testcase classname="practice.Task1" name="loginTest" time="9.646">
    <failure type="java.lang.AssertionError" message="Login failed, URL mismatch expected [https://opensource-demo.orangehrmlive.comweb/index.php/dashboard/index] but found [https://opensource-demo.orangehrmlive.com/web/index.php/dashboard/index]">
      <![CDATA[java.lang.AssertionError: Login failed, URL mismatch expected [https://opensource-demo.orangehrmlive.comweb/index.php/dashboard/index] but found [https://opensource-demo.orangehrmlive.com/web/index.php/dashboard/index]
at practice.Task1.loginTest(Task1.java:26)
at java.base/java.util.concurrent.Executors$RunnableAdapter.call(Executors.java:572)
at java.base/java.util.concurrent.FutureTask.run(FutureTask.java:317)
at java.base/java.util.concurrent.ThreadPoolExecutor.runWorker(ThreadPoolExecutor.java:1144)
at java.base/java.util.concurrent.ThreadPoolExecutor$Worker.run(ThreadPoolExecutor.java:642)
at java.base/java.lang.Thread.run(Thread.java:1575)
... Removed 16 stack frames]]>
    </failure>
  </testcase> <!-- loginTest -->
</testsuite> <!-- Test -->
