<?xml version="1.0" encoding="UTF-8"?>
<!-- Generated by org.testng.reporters.JUnitXMLReporter -->
<testsuite ignored="0" hostname="TheVision" failures="1" tests="4" name="Test" time="22.379" errors="0" timestamp="2026-03-12T13:31:28 IST">
  <testcase classname="practice.addToCart" name="logIn" time="0.122"/>
  <testcase classname="practice.addToCart" name="AddToCart" time="0.524"/>
  <testcase classname="practice.addToCart" name="logout" time="0.079"/>
  <testcase classname="practice.Task1" name="loginTest" time="18.71">
    <failure type="java.lang.AssertionError" message="Login failed, URL mismatch expected [https://opensource-demo.orangehrmlive.comweb/index.php/dashboard/index] but found [https://opensource-demo.orangehrmlive.com/web/index.php/dashboard/index]">
      <![CDATA[java.lang.AssertionError: Login failed, URL mismatch expected [https://opensource-demo.orangehrmlive.comweb/index.php/dashboard/index] but found [https://opensource-demo.orangehrmlive.com/web/index.php/dashboard/index]
at practice.Task1.loginTest(Task1.java:26)
at java.base/java.util.ArrayList.forEach(ArrayList.java:1597)
... Removed 30 stack frames]]>
    </failure>
  </testcase> <!-- loginTest -->
</testsuite> <!-- Test -->
